<?xml version="1.0" encoding="UTF-8"?>
<testng-results ignored="0" total="1" passed="1" failed="0" skipped="0">
  <reporter-output>
  </reporter-output>
  <suite started-at="2024-04-25T09:52:58 IST" name="Default suite" finished-at="2024-04-25T09:53:10 IST" duration-ms="11676">
    <groups>
    </groups>
    <test started-at="2024-04-25T09:52:58 IST" name="Default test" finished-at="2024-04-25T09:53:10 IST" duration-ms="11676">
      <class name="testscripts.regression.ValidateLogin">
        <test-method is-config="true" signature="readPropertiesFiles()[pri:0, instance:testscripts.regression.ValidateLogin@5afa3c9]" started-at="2024-04-25T09:52:58 IST" name="readPropertiesFiles" finished-at="2024-04-25T09:52:59 IST" duration-ms="304" status="PASS">
          <reporter-output>
          </reporter-output>
        </test-method> <!-- readPropertiesFiles -->
        <test-method is-config="true" signature="setUp(org.testng.ITestContext)[pri:0, instance:testscripts.regression.ValidateLogin@5afa3c9]" started-at="2024-04-25T09:52:59 IST" name="setUp" finished-at="2024-04-25T09:53:08 IST" duration-ms="9578" status="PASS">
          <params>
            <param index="0">
              <value>
                <![CDATA[org.testng.TestRunner@5a49af50]]>
              </value>
            </param>
          </params>
          <reporter-output>
          </reporter-output>
        </test-method> <!-- setUp -->
        <test-method signature="validateLoginTest()[pri:0, instance:testscripts.regression.ValidateLogin@5afa3c9]" started-at="2024-04-25T09:53:08 IST" name="validateLoginTest" finished-at="2024-04-25T09:53:09 IST" duration-ms="979" status="PASS">
          <reporter-output>
          </reporter-output>
        </test-method> <!-- validateLoginTest -->
        <test-method is-config="true" signature="teardown()[pri:0, instance:testscripts.regression.ValidateLogin@5afa3c9]" started-at="2024-04-25T09:53:09 IST" name="teardown" finished-at="2024-04-25T09:53:09 IST" duration-ms="316" status="PASS">
          <reporter-output>
          </reporter-output>
        </test-method> <!-- teardown -->
        <test-method is-config="true" signature="closeReports()[pri:0, instance:testscripts.regression.ValidateLogin@5afa3c9]" started-at="2024-04-25T09:53:09 IST" name="closeReports" finished-at="2024-04-25T09:53:10 IST" duration-ms="449" status="PASS">
          <reporter-output>
          </reporter-output>
        </test-method> <!-- closeReports -->
      </class> <!-- testscripts.regression.ValidateLogin -->
    </test> <!-- Default test -->
  </suite> <!-- Default suite -->
</testng-results>
