<?xml version="1.0" encoding="UTF-8"?>
<testng-results ignored="0" total="1" passed="1" failed="0" skipped="0">
  <reporter-output>
  </reporter-output>
  <suite started-at="2024-04-20T10:51:32 IST" name="Default suite" finished-at="2024-04-20T10:51:39 IST" duration-ms="6619">
    <groups>
    </groups>
    <test started-at="2024-04-20T10:51:32 IST" name="Default test" finished-at="2024-04-20T10:51:39 IST" duration-ms="6619">
      <class name="testscripts.regression.ValidateLoginUsingDataProviderExcel2">
        <test-method is-config="true" signature="setUp()[pri:0, instance:testscripts.regression.ValidateLoginUsingDataProviderExcel2@563f38c4]" started-at="2024-04-20T10:51:33 IST" name="setUp" finished-at="2024-04-20T10:51:38 IST" duration-ms="4873" status="PASS">
          <reporter-output>
          </reporter-output>
        </test-method> <!-- setUp -->
        <test-method signature="validateLoginTest(java.util.HashMap)[pri:0, instance:testscripts.regression.ValidateLoginUsingDataProviderExcel2@563f38c4]" started-at="2024-04-20T10:51:38 IST" name="validateLoginTest" data-provider="getData" finished-at="2024-04-20T10:51:39 IST" duration-ms="577" status="PASS">
          <params>
            <param index="0">
              <value>
                <![CDATA[{Expected Title=Adactin.com - Hotel Reservation System, password=reyaz456, username=reyaz0806}]]>
              </value>
            </param>
          </params>
          <reporter-output>
          </reporter-output>
        </test-method> <!-- validateLoginTest -->
        <test-method is-config="true" signature="teardown()[pri:0, instance:testscripts.regression.ValidateLoginUsingDataProviderExcel2@563f38c4]" started-at="2024-04-20T10:51:39 IST" name="teardown" finished-at="2024-04-20T10:51:39 IST" duration-ms="309" status="PASS">
          <reporter-output>
          </reporter-output>
        </test-method> <!-- teardown -->
      </class> <!-- testscripts.regression.ValidateLoginUsingDataProviderExcel2 -->
    </test> <!-- Default test -->
  </suite> <!-- Default suite -->
</testng-results>
